  buildTerrainMesh.cpp
  World.cpp
  Info: Boost.Config is older than your compiler version - probably nothing bad will happen - but you may wish to look for an update Boost version.  Define BOOST_CONFIG_SUPPRESS_OUTDATED_MESSAGE to suppress this message.
  Info: Boost.Config is older than your compiler version - probably nothing bad will happen - but you may wish to look for an update Boost version.  Define BOOST_CONFIG_SUPPRESS_OUTDATED_MESSAGE to suppress this message.
C:\Program Files\openFrameworks\of_v0.11.2_vs2017_release\libs\openFrameworks\math\ofMatrix4x4.h(326,1): warning C4267: 'argument': conversion from 'size_t' to 'int', possible loss of data (compiling source file src\buildTerrainMesh.cpp)
C:\Program Files\openFrameworks\of_v0.11.2_vs2017_release\libs\openFrameworks\math\ofMatrix4x4.h(331,1): warning C4267: 'argument': conversion from 'size_t' to 'int', possible loss of data (compiling source file src\buildTerrainMesh.cpp)
C:\Program Files\openFrameworks\of_v0.11.2_vs2017_release\libs\openFrameworks\math\ofMatrix4x4.h(912,12): warning C4267: 'argument': conversion from 'size_t' to 'int', possible loss of data (compiling source file src\buildTerrainMesh.cpp)
C:\Program Files\openFrameworks\of_v0.11.2_vs2017_release\libs\openFrameworks\math\ofMatrix4x4.h(913,12): warning C4267: 'argument': conversion from 'size_t' to 'int', possible loss of data (compiling source file src\buildTerrainMesh.cpp)
C:\Program Files\openFrameworks\of_v0.11.2_vs2017_release\libs\openFrameworks\math\ofMatrix4x4.h(914,12): warning C4267: 'argument': conversion from 'size_t' to 'int', possible loss of data (compiling source file src\buildTerrainMesh.cpp)
C:\Program Files\openFrameworks\of_v0.11.2_vs2017_release\libs\openFrameworks\math\ofMatrix4x4.h(915,12): warning C4267: 'argument': conversion from 'size_t' to 'int', possible loss of data (compiling source file src\buildTerrainMesh.cpp)
C:\Program Files\openFrameworks\of_v0.11.2_vs2017_release\libs\openFrameworks\math\ofMatrix4x4.h(326,1): warning C4267: 'argument': conversion from 'size_t' to 'int', possible loss of data (compiling source file src\World.cpp)
C:\Program Files\openFrameworks\of_v0.11.2_vs2017_release\libs\openFrameworks\math\ofMatrix4x4.h(331,1): warning C4267: 'argument': conversion from 'size_t' to 'int', possible loss of data (compiling source file src\World.cpp)
C:\Program Files\openFrameworks\of_v0.11.2_vs2017_release\libs\openFrameworks\math\ofMatrix4x4.h(912,12): warning C4267: 'argument': conversion from 'size_t' to 'int', possible loss of data (compiling source file src\World.cpp)
C:\Program Files\openFrameworks\of_v0.11.2_vs2017_release\libs\openFrameworks\math\ofMatrix4x4.h(913,12): warning C4267: 'argument': conversion from 'size_t' to 'int', possible loss of data (compiling source file src\World.cpp)
C:\Program Files\openFrameworks\of_v0.11.2_vs2017_release\libs\openFrameworks\math\ofMatrix4x4.h(914,12): warning C4267: 'argument': conversion from 'size_t' to 'int', possible loss of data (compiling source file src\World.cpp)
C:\Program Files\openFrameworks\of_v0.11.2_vs2017_release\libs\openFrameworks\math\ofMatrix4x4.h(915,12): warning C4267: 'argument': conversion from 'size_t' to 'int', possible loss of data (compiling source file src\World.cpp)
C:\Program Files\openFrameworks\of_v0.11.2_vs2017_release\apps\myApps\Project4\src\buildTerrainMesh.cpp(17,28): warning C4018: '<': signed/unsigned mismatch
C:\Program Files\openFrameworks\of_v0.11.2_vs2017_release\apps\myApps\Project4\src\buildTerrainMesh.cpp(18,32): warning C4018: '<': signed/unsigned mismatch
C:\Program Files\openFrameworks\of_v0.11.2_vs2017_release\apps\myApps\Project4\src\buildTerrainMesh.cpp(43,58): warning C4267: 'argument': conversion from 'size_t' to 'ofIndexType', possible loss of data
C:\Program Files\openFrameworks\of_v0.11.2_vs2017_release\apps\myApps\Project4\src\buildTerrainMesh.cpp(43,59): warning C4267: 'argument': conversion from 'size_t' to 'ofIndexType', possible loss of data
     Creating library bin\Project4_debug.lib and object bin\Project4_debug.exp
  Project4.vcxproj -> C:\Program Files\openFrameworks\of_v0.11.2_vs2017_release\apps\myApps\Project4\bin\Project4_debug.exe
  
  	                   2	C:\Program Files\openFrameworks\of_v0.11.2_vs2017_release\libs\fmod\lib\vs\x64\
  	    New File  		 1826304	C:\Program Files\openFrameworks\of_v0.11.2_vs2017_release\libs\fmod\lib\vs\x64\fmod.dll
  	    New File  		 2041856	C:\Program Files\openFrameworks\of_v0.11.2_vs2017_release\libs\fmod\lib\vs\x64\fmodL.dll
  
  	                   1	C:\Program Files\openFrameworks\of_v0.11.2_vs2017_release\libs\FreeImage\lib\vs\x64\
  	  *EXTRA File 		 1826304	C:\Program Files\openFrameworks\of_v0.11.2_vs2017_release\apps\myApps\Project4\bin\fmod.dll
  	  *EXTRA File 		 2041856	C:\Program Files\openFrameworks\of_v0.11.2_vs2017_release\apps\myApps\Project4\bin\fmodL.dll
  	    New File  		 6942208	C:\Program Files\openFrameworks\of_v0.11.2_vs2017_release\libs\FreeImage\lib\vs\x64\FreeImage.dll
